{"C:\\Users\\sbssu\\code\\full-stack-open-1\\part5\\bloglist-frontend\\src\\App.jsx": {"path":"C:\\Users\\sbssu\\code\\full-stack-open-1\\part5\\bloglist-frontend\\src\\App.jsx","statementMap":{"0":{"start":{"line":12,"column":42},"end":{"line":12,"column":54}},"1":{"start":{"line":13,"column":44},"end":{"line":13,"column":56}},"2":{"start":{"line":14,"column":44},"end":{"line":14,"column":56}},"3":{"start":{"line":15,"column":26},"end":{"line":15,"column":40}},"4":{"start":{"line":16,"column":42},"end":{"line":16,"column":56}},"5":{"start":{"line":17,"column":28},"end":{"line":17,"column":42}},"6":{"start":{"line":18,"column":22},"end":{"line":18,"column":30}},"7":{"start":{"line":19,"column":2},"end":{"line":26,"column":8}},"8":{"start":{"line":20,"column":23},"end":{"line":24,"column":5}},"9":{"start":{"line":21,"column":19},"end":{"line":21,"column":45}},"10":{"start":{"line":22,"column":21},"end":{"line":22,"column":58}},"11":{"start":{"line":22,"column":40},"end":{"line":22,"column":57}},"12":{"start":{"line":23,"column":6},"end":{"line":23,"column":29}},"13":{"start":{"line":25,"column":4},"end":{"line":25,"column":16}},"14":{"start":{"line":28,"column":2},"end":{"line":35,"column":8}},"15":{"start":{"line":29,"column":27},"end":{"line":29,"column":72}},"16":{"start":{"line":30,"column":4},"end":{"line":34,"column":5}},"17":{"start":{"line":31,"column":19},"end":{"line":31,"column":45}},"18":{"start":{"line":32,"column":6},"end":{"line":32,"column":38}},"19":{"start":{"line":33,"column":6},"end":{"line":33,"column":19}},"20":{"start":{"line":37,"column":27},"end":{"line":59,"column":3}},"21":{"start":{"line":38,"column":4},"end":{"line":38,"column":22}},"22":{"start":{"line":39,"column":4},"end":{"line":58,"column":5}},"23":{"start":{"line":40,"column":23},"end":{"line":40,"column":56}},"24":{"start":{"line":41,"column":6},"end":{"line":41,"column":52}},"25":{"start":{"line":41,"column":32},"end":{"line":41,"column":51}},"26":{"start":{"line":42,"column":6},"end":{"line":42,"column":74}},"27":{"start":{"line":43,"column":6},"end":{"line":43,"column":23}},"28":{"start":{"line":44,"column":6},"end":{"line":47,"column":14}},"29":{"start":{"line":45,"column":8},"end":{"line":45,"column":29}},"30":{"start":{"line":46,"column":8},"end":{"line":46,"column":22}},"31":{"start":{"line":48,"column":6},"end":{"line":48,"column":46}},"32":{"start":{"line":51,"column":6},"end":{"line":51,"column":28}},"33":{"start":{"line":52,"column":6},"end":{"line":52,"column":52}},"34":{"start":{"line":53,"column":6},"end":{"line":53,"column":21}},"35":{"start":{"line":54,"column":6},"end":{"line":57,"column":14}},"36":{"start":{"line":55,"column":8},"end":{"line":55,"column":29}},"37":{"start":{"line":56,"column":8},"end":{"line":56,"column":22}},"38":{"start":{"line":60,"column":22},"end":{"line":77,"column":3}},"39":{"start":{"line":61,"column":4},"end":{"line":61,"column":22}},"40":{"start":{"line":62,"column":4},"end":{"line":76,"column":5}},"41":{"start":{"line":63,"column":26},"end":{"line":63,"column":84}},"42":{"start":{"line":64,"column":6},"end":{"line":64,"column":45}},"43":{"start":{"line":65,"column":6},"end":{"line":65,"column":80}},"44":{"start":{"line":66,"column":6},"end":{"line":66,"column":26}},"45":{"start":{"line":67,"column":6},"end":{"line":67,"column":26}},"46":{"start":{"line":68,"column":6},"end":{"line":68,"column":26}},"47":{"start":{"line":70,"column":6},"end":{"line":70,"column":52}},"48":{"start":{"line":71,"column":6},"end":{"line":71,"column":21}},"49":{"start":{"line":72,"column":6},"end":{"line":75,"column":14}},"50":{"start":{"line":73,"column":8},"end":{"line":73,"column":29}},"51":{"start":{"line":74,"column":8},"end":{"line":74,"column":22}},"52":{"start":{"line":79,"column":27},"end":{"line":85,"column":3}},"53":{"start":{"line":80,"column":4},"end":{"line":80,"column":22}},"54":{"start":{"line":81,"column":20},"end":{"line":81,"column":45}},"55":{"start":{"line":82,"column":21},"end":{"line":82,"column":63}},"56":{"start":{"line":83,"column":25},"end":{"line":83,"column":84}},"57":{"start":{"line":83,"column":49},"end":{"line":83,"column":82}},"58":{"start":{"line":84,"column":4},"end":{"line":84,"column":33}},"59":{"start":{"line":87,"column":29},"end":{"line":104,"column":3}},"60":{"start":{"line":88,"column":4},"end":{"line":102,"column":5}},"61":{"start":{"line":89,"column":6},"end":{"line":93,"column":7}},"62":{"start":{"line":90,"column":8},"end":{"line":90,"column":45}},"63":{"start":{"line":91,"column":30},"end":{"line":91,"column":74}},"64":{"start":{"line":91,"column":56},"end":{"line":91,"column":73}},"65":{"start":{"line":92,"column":8},"end":{"line":92,"column":38}},"66":{"start":{"line":96,"column":6},"end":{"line":96,"column":52}},"67":{"start":{"line":97,"column":6},"end":{"line":97,"column":21}},"68":{"start":{"line":98,"column":6},"end":{"line":101,"column":14}},"69":{"start":{"line":99,"column":8},"end":{"line":99,"column":29}},"70":{"start":{"line":100,"column":8},"end":{"line":100,"column":22}},"71":{"start":{"line":106,"column":2},"end":{"line":122,"column":3}},"72":{"start":{"line":114,"column":63},"end":{"line":114,"column":112}},"73":{"start":{"line":114,"column":112},"end":{"line":114,"column":136}}},"fnMap":{"0":{"name":"App","decl":{"start":{"line":11,"column":9},"end":{"line":11,"column":12}},"loc":{"start":{"line":11,"column":15},"end":{"line":123,"column":1}},"line":11},"1":{"name":"(anonymous_1)","decl":{"start":{"line":19,"column":12},"end":{"line":19,"column":13}},"loc":{"start":{"line":19,"column":18},"end":{"line":26,"column":3}},"line":19},"2":{"name":"(anonymous_2)","decl":{"start":{"line":20,"column":23},"end":{"line":20,"column":24}},"loc":{"start":{"line":20,"column":35},"end":{"line":24,"column":5}},"line":20},"3":{"name":"(anonymous_3)","decl":{"start":{"line":22,"column":31},"end":{"line":22,"column":32}},"loc":{"start":{"line":22,"column":40},"end":{"line":22,"column":57}},"line":22},"4":{"name":"(anonymous_4)","decl":{"start":{"line":28,"column":12},"end":{"line":28,"column":13}},"loc":{"start":{"line":28,"column":18},"end":{"line":35,"column":3}},"line":28},"5":{"name":"(anonymous_5)","decl":{"start":{"line":37,"column":27},"end":{"line":37,"column":28}},"loc":{"start":{"line":37,"column":49},"end":{"line":59,"column":3}},"line":37},"6":{"name":"(anonymous_6)","decl":{"start":{"line":41,"column":22},"end":{"line":41,"column":23}},"loc":{"start":{"line":41,"column":32},"end":{"line":41,"column":51}},"line":41},"7":{"name":"(anonymous_7)","decl":{"start":{"line":44,"column":17},"end":{"line":44,"column":18}},"loc":{"start":{"line":44,"column":23},"end":{"line":47,"column":7}},"line":44},"8":{"name":"(anonymous_8)","decl":{"start":{"line":54,"column":17},"end":{"line":54,"column":18}},"loc":{"start":{"line":54,"column":23},"end":{"line":57,"column":7}},"line":54},"9":{"name":"(anonymous_9)","decl":{"start":{"line":60,"column":22},"end":{"line":60,"column":23}},"loc":{"start":{"line":60,"column":41},"end":{"line":77,"column":3}},"line":60},"10":{"name":"(anonymous_10)","decl":{"start":{"line":72,"column":17},"end":{"line":72,"column":18}},"loc":{"start":{"line":72,"column":23},"end":{"line":75,"column":7}},"line":72},"11":{"name":"(anonymous_11)","decl":{"start":{"line":79,"column":27},"end":{"line":79,"column":28}},"loc":{"start":{"line":79,"column":46},"end":{"line":85,"column":3}},"line":79},"12":{"name":"(anonymous_12)","decl":{"start":{"line":83,"column":42},"end":{"line":83,"column":43}},"loc":{"start":{"line":83,"column":49},"end":{"line":83,"column":82}},"line":83},"13":{"name":"(anonymous_13)","decl":{"start":{"line":87,"column":29},"end":{"line":87,"column":30}},"loc":{"start":{"line":87,"column":48},"end":{"line":104,"column":3}},"line":87},"14":{"name":"(anonymous_14)","decl":{"start":{"line":91,"column":50},"end":{"line":91,"column":51}},"loc":{"start":{"line":91,"column":56},"end":{"line":91,"column":73}},"line":91},"15":{"name":"(anonymous_15)","decl":{"start":{"line":98,"column":17},"end":{"line":98,"column":18}},"loc":{"start":{"line":98,"column":23},"end":{"line":101,"column":7}},"line":98},"16":{"name":"(anonymous_16)","decl":{"start":{"line":114,"column":56},"end":{"line":114,"column":57}},"loc":{"start":{"line":114,"column":62},"end":{"line":114,"column":137}},"line":114}},"branchMap":{"0":{"loc":{"start":{"line":30,"column":4},"end":{"line":34,"column":5}},"type":"if","locations":[{"start":{"line":30,"column":4},"end":{"line":34,"column":5}},{"start":{},"end":{}}],"line":30},"1":{"loc":{"start":{"line":83,"column":49},"end":{"line":83,"column":82}},"type":"cond-expr","locations":[{"start":{"line":83,"column":69},"end":{"line":83,"column":77}},{"start":{"line":83,"column":80},"end":{"line":83,"column":82}}],"line":83},"2":{"loc":{"start":{"line":89,"column":6},"end":{"line":93,"column":7}},"type":"if","locations":[{"start":{"line":89,"column":6},"end":{"line":93,"column":7}},{"start":{},"end":{}}],"line":89},"3":{"loc":{"start":{"line":89,"column":51},"end":{"line":89,"column":100}},"type":"cond-expr","locations":[{"start":{"line":89,"column":77},"end":{"line":89,"column":79}},{"start":{"line":89,"column":82},"end":{"line":89,"column":100}}],"line":89},"4":{"loc":{"start":{"line":110,"column":8},"end":{"line":119,"column":16}},"type":"cond-expr","locations":[{"start":{"line":111,"column":10},"end":{"line":111,"column":113}},{"start":{"line":112,"column":12},"end":{"line":119,"column":16}}],"line":110}},"s":{"0":0,"1":0,"2":0,"3":0,"4":0,"5":0,"6":0,"7":0,"8":0,"9":0,"10":0,"11":0,"12":0,"13":0,"14":0,"15":0,"16":0,"17":0,"18":0,"19":0,"20":0,"21":0,"22":0,"23":0,"24":0,"25":0,"26":0,"27":0,"28":0,"29":0,"30":0,"31":0,"32":0,"33":0,"34":0,"35":0,"36":0,"37":0,"38":0,"39":0,"40":0,"41":0,"42":0,"43":0,"44":0,"45":0,"46":0,"47":0,"48":0,"49":0,"50":0,"51":0,"52":0,"53":0,"54":0,"55":0,"56":0,"57":0,"58":0,"59":0,"60":0,"61":0,"62":0,"63":0,"64":0,"65":0,"66":0,"67":0,"68":0,"69":0,"70":0,"71":0,"72":0,"73":0},"f":{"0":0,"1":0,"2":0,"3":0,"4":0,"5":0,"6":0,"7":0,"8":0,"9":0,"10":0,"11":0,"12":0,"13":0,"14":0,"15":0,"16":0},"b":{"0":[0,0],"1":[0,0],"2":[0,0],"3":[0,0],"4":[0,0]}}
,"C:\\Users\\sbssu\\code\\full-stack-open-1\\part5\\bloglist-frontend\\src\\main.jsx": {"path":"C:\\Users\\sbssu\\code\\full-stack-open-1\\part5\\bloglist-frontend\\src\\main.jsx","statementMap":{"0":{"start":{"line":5,"column":0},"end":{"line":9,"column":1}}},"fnMap":{},"branchMap":{},"s":{"0":0},"f":{},"b":{}}
,"C:\\Users\\sbssu\\code\\full-stack-open-1\\part5\\bloglist-frontend\\src\\Services\\BlogService.js": {"path":"C:\\Users\\sbssu\\code\\full-stack-open-1\\part5\\bloglist-frontend\\src\\Services\\BlogService.js","statementMap":{"0":{"start":{"line":3,"column":16},"end":{"line":3,"column":49}},"1":{"start":{"line":7,"column":17},"end":{"line":9,"column":1}},"2":{"start":{"line":8,"column":2},"end":{"line":8,"column":30}},"3":{"start":{"line":11,"column":15},"end":{"line":14,"column":1}},"4":{"start":{"line":12,"column":19},"end":{"line":12,"column":43}},"5":{"start":{"line":13,"column":2},"end":{"line":13,"column":22}},"6":{"start":{"line":16,"column":15},"end":{"line":22,"column":1}},"7":{"start":{"line":17,"column":18},"end":{"line":19,"column":3}},"8":{"start":{"line":20,"column":14},"end":{"line":20,"column":56}},"9":{"start":{"line":21,"column":2},"end":{"line":21,"column":17}},"10":{"start":{"line":24,"column":15},"end":{"line":27,"column":1}},"11":{"start":{"line":25,"column":14},"end":{"line":25,"column":58}},"12":{"start":{"line":26,"column":2},"end":{"line":26,"column":17}},"13":{"start":{"line":29,"column":19},"end":{"line":34,"column":1}},"14":{"start":{"line":30,"column":18},"end":{"line":32,"column":3}},"15":{"start":{"line":33,"column":2},"end":{"line":33,"column":48}}},"fnMap":{"0":{"name":"(anonymous_0)","decl":{"start":{"line":7,"column":17},"end":{"line":7,"column":18}},"loc":{"start":{"line":7,"column":37},"end":{"line":9,"column":1}},"line":7},"1":{"name":"(anonymous_1)","decl":{"start":{"line":11,"column":15},"end":{"line":11,"column":16}},"loc":{"start":{"line":11,"column":27},"end":{"line":14,"column":1}},"line":11},"2":{"name":"(anonymous_2)","decl":{"start":{"line":16,"column":15},"end":{"line":16,"column":16}},"loc":{"start":{"line":16,"column":34},"end":{"line":22,"column":1}},"line":16},"3":{"name":"(anonymous_3)","decl":{"start":{"line":24,"column":15},"end":{"line":24,"column":16}},"loc":{"start":{"line":24,"column":38},"end":{"line":27,"column":1}},"line":24},"4":{"name":"(anonymous_4)","decl":{"start":{"line":29,"column":19},"end":{"line":29,"column":20}},"loc":{"start":{"line":29,"column":33},"end":{"line":34,"column":1}},"line":29}},"branchMap":{},"s":{"0":0,"1":0,"2":0,"3":0,"4":0,"5":0,"6":0,"7":0,"8":0,"9":0,"10":0,"11":0,"12":0,"13":0,"14":0,"15":0},"f":{"0":0,"1":0,"2":0,"3":0,"4":0},"b":{}}
,"C:\\Users\\sbssu\\code\\full-stack-open-1\\part5\\bloglist-frontend\\src\\Services\\LoginService.js": {"path":"C:\\Users\\sbssu\\code\\full-stack-open-1\\part5\\bloglist-frontend\\src\\Services\\LoginService.js","statementMap":{"0":{"start":{"line":3,"column":16},"end":{"line":3,"column":49}},"1":{"start":{"line":5,"column":14},"end":{"line":8,"column":1}},"2":{"start":{"line":6,"column":14},"end":{"line":6,"column":91}},"3":{"start":{"line":7,"column":2},"end":{"line":7,"column":17}}},"fnMap":{"0":{"name":"(anonymous_0)","decl":{"start":{"line":5,"column":14},"end":{"line":5,"column":15}},"loc":{"start":{"line":5,"column":58},"end":{"line":8,"column":1}},"line":5}},"branchMap":{},"s":{"0":0,"1":0,"2":0,"3":0},"f":{"0":0},"b":{}}
,"C:\\Users\\sbssu\\code\\full-stack-open-1\\part5\\bloglist-frontend\\src\\Services\\UserService.js": {"path":"C:\\Users\\sbssu\\code\\full-stack-open-1\\part5\\bloglist-frontend\\src\\Services\\UserService.js","statementMap":{"0":{"start":{"line":3,"column":16},"end":{"line":3,"column":49}},"1":{"start":{"line":5,"column":15},"end":{"line":8,"column":1}},"2":{"start":{"line":6,"column":14},"end":{"line":6,"column":38}},"3":{"start":{"line":7,"column":2},"end":{"line":7,"column":17}},"4":{"start":{"line":10,"column":16},"end":{"line":13,"column":1}},"5":{"start":{"line":11,"column":14},"end":{"line":11,"column":49}},"6":{"start":{"line":12,"column":2},"end":{"line":12,"column":17}}},"fnMap":{"0":{"name":"(anonymous_0)","decl":{"start":{"line":5,"column":15},"end":{"line":5,"column":16}},"loc":{"start":{"line":5,"column":27},"end":{"line":8,"column":1}},"line":5},"1":{"name":"(anonymous_1)","decl":{"start":{"line":10,"column":16},"end":{"line":10,"column":17}},"loc":{"start":{"line":10,"column":30},"end":{"line":13,"column":1}},"line":10}},"branchMap":{},"s":{"0":0,"1":0,"2":0,"3":0,"4":0,"5":0,"6":0},"f":{"0":0,"1":0},"b":{}}
,"C:\\Users\\sbssu\\code\\full-stack-open-1\\part5\\bloglist-frontend\\src\\components\\Blog.jsx": {"path":"C:\\Users\\sbssu\\code\\full-stack-open-1\\part5\\bloglist-frontend\\src\\components\\Blog.jsx","statementMap":{"0":{"start":{"line":3,"column":13},"end":{"line":28,"column":1}},"1":{"start":{"line":4,"column":34},"end":{"line":4,"column":49}},"2":{"start":{"line":5,"column":20},"end":{"line":11,"column":3}},"3":{"start":{"line":12,"column":25},"end":{"line":15,"column":3}},"4":{"start":{"line":13,"column":4},"end":{"line":13,"column":26}},"5":{"start":{"line":16,"column":2},"end":{"line":27,"column":3}},"6":{"start":{"line":22,"column":75},"end":{"line":22,"column":100}},"7":{"start":{"line":24,"column":71},"end":{"line":24,"column":98}}},"fnMap":{"0":{"name":"(anonymous_0)","decl":{"start":{"line":3,"column":13},"end":{"line":3,"column":14}},"loc":{"start":{"line":3,"column":65},"end":{"line":28,"column":1}},"line":3},"1":{"name":"(anonymous_1)","decl":{"start":{"line":12,"column":25},"end":{"line":12,"column":26}},"loc":{"start":{"line":12,"column":31},"end":{"line":15,"column":3}},"line":12},"2":{"name":"(anonymous_2)","decl":{"start":{"line":22,"column":68},"end":{"line":22,"column":69}},"loc":{"start":{"line":22,"column":75},"end":{"line":22,"column":100}},"line":22},"3":{"name":"(anonymous_3)","decl":{"start":{"line":24,"column":64},"end":{"line":24,"column":65}},"loc":{"start":{"line":24,"column":71},"end":{"line":24,"column":98}},"line":24}},"branchMap":{"0":{"loc":{"start":{"line":18,"column":107},"end":{"line":18,"column":133}},"type":"cond-expr","locations":[{"start":{"line":18,"column":118},"end":{"line":18,"column":124}},{"start":{"line":18,"column":127},"end":{"line":18,"column":133}}],"line":18},"1":{"loc":{"start":{"line":20,"column":29},"end":{"line":20,"column":51}},"type":"cond-expr","locations":[{"start":{"line":20,"column":40},"end":{"line":20,"column":42}},{"start":{"line":20,"column":45},"end":{"line":20,"column":51}}],"line":20},"2":{"loc":{"start":{"line":23,"column":32},"end":{"line":23,"column":79}},"type":"cond-expr","locations":[{"start":{"line":23,"column":56},"end":{"line":23,"column":74}},{"start":{"line":23,"column":77},"end":{"line":23,"column":79}}],"line":23}},"s":{"0":1,"1":6,"2":6,"3":6,"4":1,"5":6,"6":3,"7":0},"f":{"0":6,"1":1,"2":3,"3":0},"b":{"0":[1,5],"1":[1,5],"2":[6,0]},"_coverageSchema":"1a1c01bbd47fc00a2c39e90264f33305004495a9","hash":"1328d41cdc266a2f736eb3069be2fde0e02bf0ba"}
,"C:\\Users\\sbssu\\code\\full-stack-open-1\\part5\\bloglist-frontend\\src\\components\\BlogForm.jsx": {"path":"C:\\Users\\sbssu\\code\\full-stack-open-1\\part5\\bloglist-frontend\\src\\components\\BlogForm.jsx","statementMap":{"0":{"start":{"line":3,"column":17},"end":{"line":25,"column":1}},"1":{"start":{"line":4,"column":36},"end":{"line":4,"column":48}},"2":{"start":{"line":5,"column":40},"end":{"line":5,"column":52}},"3":{"start":{"line":6,"column":34},"end":{"line":6,"column":46}},"4":{"start":{"line":7,"column":38},"end":{"line":7,"column":50}},"5":{"start":{"line":9,"column":18},"end":{"line":14,"column":3}},"6":{"start":{"line":15,"column":2},"end":{"line":24,"column":3}},"7":{"start":{"line":16,"column":27},"end":{"line":16,"column":55}},"8":{"start":{"line":18,"column":113},"end":{"line":18,"column":139}},"9":{"start":{"line":19,"column":124},"end":{"line":19,"column":152}},"10":{"start":{"line":20,"column":106},"end":{"line":20,"column":131}},"11":{"start":{"line":21,"column":102},"end":{"line":21,"column":129}}},"fnMap":{"0":{"name":"(anonymous_0)","decl":{"start":{"line":3,"column":17},"end":{"line":3,"column":18}},"loc":{"start":{"line":3,"column":43},"end":{"line":25,"column":1}},"line":3},"1":{"name":"(anonymous_1)","decl":{"start":{"line":16,"column":20},"end":{"line":16,"column":21}},"loc":{"start":{"line":16,"column":27},"end":{"line":16,"column":55}},"line":16},"2":{"name":"(anonymous_2)","decl":{"start":{"line":18,"column":97},"end":{"line":18,"column":98}},"loc":{"start":{"line":18,"column":113},"end":{"line":18,"column":139}},"line":18},"3":{"name":"(anonymous_3)","decl":{"start":{"line":19,"column":108},"end":{"line":19,"column":109}},"loc":{"start":{"line":19,"column":124},"end":{"line":19,"column":152}},"line":19},"4":{"name":"(anonymous_4)","decl":{"start":{"line":20,"column":90},"end":{"line":20,"column":91}},"loc":{"start":{"line":20,"column":106},"end":{"line":20,"column":131}},"line":20},"5":{"name":"(anonymous_5)","decl":{"start":{"line":21,"column":86},"end":{"line":21,"column":87}},"loc":{"start":{"line":21,"column":102},"end":{"line":21,"column":129}},"line":21}},"branchMap":{},"s":{"0":1,"1":28,"2":28,"3":28,"4":28,"5":28,"6":28,"7":1,"8":8,"9":10,"10":7,"11":2},"f":{"0":28,"1":1,"2":8,"3":10,"4":7,"5":2},"b":{},"_coverageSchema":"1a1c01bbd47fc00a2c39e90264f33305004495a9","hash":"62d90c056206772e0db89f3277a383672f8e3176"}
,"C:\\Users\\sbssu\\code\\full-stack-open-1\\part5\\bloglist-frontend\\src\\components\\Blogs.jsx": {"path":"C:\\Users\\sbssu\\code\\full-stack-open-1\\part5\\bloglist-frontend\\src\\components\\Blogs.jsx","statementMap":{"0":{"start":{"line":3,"column":14},"end":{"line":13,"column":1}},"1":{"start":{"line":4,"column":2},"end":{"line":12,"column":3}},"2":{"start":{"line":7,"column":8},"end":{"line":9,"column":9}}},"fnMap":{"0":{"name":"(anonymous_0)","decl":{"start":{"line":3,"column":14},"end":{"line":3,"column":15}},"loc":{"start":{"line":3,"column":67},"end":{"line":13,"column":1}},"line":3},"1":{"name":"(anonymous_1)","decl":{"start":{"line":6,"column":17},"end":{"line":6,"column":18}},"loc":{"start":{"line":6,"column":25},"end":{"line":10,"column":7}},"line":6}},"branchMap":{},"s":{"0":0,"1":0,"2":0},"f":{"0":0,"1":0},"b":{}}
,"C:\\Users\\sbssu\\code\\full-stack-open-1\\part5\\bloglist-frontend\\src\\components\\LoginForm.jsx": {"path":"C:\\Users\\sbssu\\code\\full-stack-open-1\\part5\\bloglist-frontend\\src\\components\\LoginForm.jsx","statementMap":{"0":{"start":{"line":3,"column":18},"end":{"line":22,"column":1}},"1":{"start":{"line":4,"column":91},"end":{"line":4,"column":101}},"2":{"start":{"line":5,"column":2},"end":{"line":21,"column":3}},"3":{"start":{"line":11,"column":121},"end":{"line":11,"column":151}},"4":{"start":{"line":16,"column":125},"end":{"line":16,"column":155}},"5":{"start":{"line":24,"column":0},"end":{"line":30,"column":1}}},"fnMap":{"0":{"name":"(anonymous_0)","decl":{"start":{"line":3,"column":18},"end":{"line":3,"column":19}},"loc":{"start":{"line":3,"column":29},"end":{"line":22,"column":1}},"line":3},"1":{"name":"(anonymous_1)","decl":{"start":{"line":11,"column":105},"end":{"line":11,"column":106}},"loc":{"start":{"line":11,"column":121},"end":{"line":11,"column":151}},"line":11},"2":{"name":"(anonymous_2)","decl":{"start":{"line":16,"column":109},"end":{"line":16,"column":110}},"loc":{"start":{"line":16,"column":125},"end":{"line":16,"column":155}},"line":16}},"branchMap":{},"s":{"0":0,"1":0,"2":0,"3":0,"4":0,"5":0},"f":{"0":0,"1":0,"2":0},"b":{}}
,"C:\\Users\\sbssu\\code\\full-stack-open-1\\part5\\bloglist-frontend\\src\\components\\Notification.jsx": {"path":"C:\\Users\\sbssu\\code\\full-stack-open-1\\part5\\bloglist-frontend\\src\\components\\Notification.jsx","statementMap":{"0":{"start":{"line":1,"column":21},"end":{"line":12,"column":1}},"1":{"start":{"line":2,"column":29},"end":{"line":2,"column":39}},"2":{"start":{"line":3,"column":2},"end":{"line":11,"column":3}}},"fnMap":{"0":{"name":"(anonymous_0)","decl":{"start":{"line":1,"column":21},"end":{"line":1,"column":22}},"loc":{"start":{"line":1,"column":32},"end":{"line":12,"column":1}},"line":1}},"branchMap":{"0":{"loc":{"start":{"line":5,"column":8},"end":{"line":8,"column":14}},"type":"binary-expr","locations":[{"start":{"line":5,"column":8},"end":{"line":5,"column":15}},{"start":{"line":6,"column":8},"end":{"line":8,"column":14}}],"line":5}},"s":{"0":0,"1":0,"2":0},"f":{"0":0},"b":{"0":[0,0]}}
,"C:\\Users\\sbssu\\code\\full-stack-open-1\\part5\\bloglist-frontend\\src\\components\\Toggleable.jsx": {"path":"C:\\Users\\sbssu\\code\\full-stack-open-1\\part5\\bloglist-frontend\\src\\components\\Toggleable.jsx","statementMap":{"0":{"start":{"line":4,"column":19},"end":{"line":30,"column":2}},"1":{"start":{"line":5,"column":34},"end":{"line":5,"column":49}},"2":{"start":{"line":7,"column":29},"end":{"line":9,"column":3}},"3":{"start":{"line":8,"column":4},"end":{"line":8,"column":21}},"4":{"start":{"line":10,"column":29},"end":{"line":12,"column":3}},"5":{"start":{"line":11,"column":4},"end":{"line":11,"column":22}},"6":{"start":{"line":14,"column":2},"end":{"line":18,"column":4}},"7":{"start":{"line":15,"column":4},"end":{"line":17,"column":5}},"8":{"start":{"line":19,"column":2},"end":{"line":29,"column":3}},"9":{"start":{"line":31,"column":0},"end":{"line":33,"column":1}},"10":{"start":{"line":35,"column":0},"end":{"line":35,"column":37}}},"fnMap":{"0":{"name":"(anonymous_0)","decl":{"start":{"line":4,"column":30},"end":{"line":4,"column":31}},"loc":{"start":{"line":4,"column":47},"end":{"line":30,"column":1}},"line":4},"1":{"name":"(anonymous_1)","decl":{"start":{"line":7,"column":29},"end":{"line":7,"column":30}},"loc":{"start":{"line":7,"column":35},"end":{"line":9,"column":3}},"line":7},"2":{"name":"(anonymous_2)","decl":{"start":{"line":10,"column":29},"end":{"line":10,"column":30}},"loc":{"start":{"line":10,"column":35},"end":{"line":12,"column":3}},"line":10},"3":{"name":"(anonymous_3)","decl":{"start":{"line":14,"column":28},"end":{"line":14,"column":29}},"loc":{"start":{"line":14,"column":34},"end":{"line":18,"column":3}},"line":14}},"branchMap":{"0":{"loc":{"start":{"line":22,"column":34},"end":{"line":22,"column":56}},"type":"cond-expr","locations":[{"start":{"line":22,"column":45},"end":{"line":22,"column":51}},{"start":{"line":22,"column":54},"end":{"line":22,"column":56}}],"line":22},"1":{"loc":{"start":{"line":23,"column":31},"end":{"line":23,"column":53}},"type":"cond-expr","locations":[{"start":{"line":23,"column":42},"end":{"line":23,"column":44}},{"start":{"line":23,"column":47},"end":{"line":23,"column":53}}],"line":23}},"s":{"0":1,"1":7,"2":7,"3":2,"4":7,"5":1,"6":7,"7":0,"8":7,"9":1,"10":1},"f":{"0":7,"1":2,"2":1,"3":0},"b":{"0":[2,5],"1":[2,5]},"_coverageSchema":"1a1c01bbd47fc00a2c39e90264f33305004495a9","hash":"c521a850ab0233272d286b734536ab2b5a416352"}
}
